app/build/intermediates/manifest_merge_blame_file/debug/manifest-merger-blame-debug-report.txt
1<?xml version="1.0" encoding="utf-8"?>
2<manifest xmlns:android="http://schemas.android.com/apk/res/android"
3    package="com.example.MyApp"
4    android:versionCode="1"
5    android:versionName="1.0" >
6
7    <uses-sdk
8        android:minSdkVersion="21"
8-->src\main\AndroidManifest.xml
9        android:targetSdkVersion="29" />
9-->src\main\AndroidManifest.xml
10
11    <!--
12         The ACCESS_COARSE/FINE_LOCATION permissions are not required to use
13         Google Maps Android API v2, but you must specify either coarse or fine
14         location permissions for the 'MyLocation' functionality.
15    -->
16    <uses-permission android:name="android.permission.ACCESS_FINE_LOCATION" />
16-->src\main\AndroidManifest.xml:10:5-79
16-->src\main\AndroidManifest.xml:10:22-76
17    <uses-permission android:name="android.permission.ACCESS_BACKGROUND_LOCATION" />
17-->src\main\AndroidManifest.xml:11:5-85
17-->src\main\AndroidManifest.xml:11:22-82
18    <uses-permission android:name="android.permission.ACCESS_LOCATION_EXTRA_COMMANDS" />
18-->src\main\AndroidManifest.xml:12:5-89
18-->src\main\AndroidManifest.xml:12:22-86
19    <uses-permission android:name="android.permission.SEND_SMS" />
19-->src\main\AndroidManifest.xml:13:5-67
19-->src\main\AndroidManifest.xml:13:22-64
20    <uses-permission android:name="android.permission.ACCESS_COARSE_LOCATION" />
20-->src\main\AndroidManifest.xml:14:5-81
20-->src\main\AndroidManifest.xml:14:22-78
21    <uses-permission android:name="android.permission.INTERNET" />
21-->src\main\AndroidManifest.xml:15:5-67
21-->src\main\AndroidManifest.xml:15:22-64
22    <uses-permission android:name="android.permission.ACCESS_NETWORK_STATE" />
22-->src\main\AndroidManifest.xml:16:5-79
22-->src\main\AndroidManifest.xml:16:22-76
23    <uses-permission android:name="com.google.android.providers.gsf.permisson.READ_GSERVICES" />
23-->src\main\AndroidManifest.xml:17:5-97
23-->src\main\AndroidManifest.xml:17:22-94
24    <uses-permission android:name="android.permission.ACCESS_FINE_LOCATION" />
24-->src\main\AndroidManifest.xml:10:5-79
24-->src\main\AndroidManifest.xml:10:22-76
25    <uses-permission android:name="android.permission.ACCESS_COARSE_LOCATION" />
25-->src\main\AndroidManifest.xml:14:5-81
25-->src\main\AndroidManifest.xml:14:22-78
26    <uses-permission android:name="android.permission.INTERNET" />
26-->src\main\AndroidManifest.xml:15:5-67
26-->src\main\AndroidManifest.xml:15:22-64
27    <uses-permission android:name="android.permission.ACCESS_NETWORK_STATE" />
27-->src\main\AndroidManifest.xml:16:5-79
27-->src\main\AndroidManifest.xml:16:22-76
28    <uses-permission android:name="com.google.android.providers.gsf.permisson.READ_GSERVICES" />
28-->src\main\AndroidManifest.xml:17:5-97
28-->src\main\AndroidManifest.xml:17:22-94
29
30    <uses-feature
30-->[com.google.android.gms:play-services-maps:12.0.1] AndroidManifest.xml:26:5-28:35
31        android:glEsVersion="0x00020000"
31-->[com.google.android.gms:play-services-maps:12.0.1] AndroidManifest.xml:27:9-41
32        android:required="true" />
32-->[com.google.android.gms:play-services-maps:12.0.1] AndroidManifest.xml:28:9-32
33
34    <uses-permission android:name="android.permission.WAKE_LOCK" /> <!-- Required by older versions of Google Play services to create IID tokens -->
34-->[com.google.firebase:firebase-analytics:12.0.1] AndroidManifest.xml:25:5-68
34-->[com.google.firebase:firebase-analytics:12.0.1] AndroidManifest.xml:25:22-65
35    <uses-permission android:name="com.google.android.c2dm.permission.RECEIVE" />
35-->[com.google.firebase:firebase-iid:12.0.1] AndroidManifest.xml:26:5-82
35-->[com.google.firebase:firebase-iid:12.0.1] AndroidManifest.xml:26:22-79
36
37    <permission
37-->[com.google.firebase:firebase-iid:12.0.1] AndroidManifest.xml:28:5-30:47
38        android:name="com.example.MyApp.permission.C2D_MESSAGE"
38-->[com.google.firebase:firebase-iid:12.0.1] AndroidManifest.xml:29:9-63
39        android:protectionLevel="signature" />
39-->[com.google.firebase:firebase-iid:12.0.1] AndroidManifest.xml:30:9-44
40
41    <uses-permission android:name="com.example.MyApp.permission.C2D_MESSAGE" />
41-->[com.google.firebase:firebase-iid:12.0.1] AndroidManifest.xml:32:5-79
41-->[com.google.firebase:firebase-iid:12.0.1] AndroidManifest.xml:32:22-76
42
43    <application
43-->src\main\AndroidManifest.xml:24:5-64:19
44        android:allowBackup="true"
44-->src\main\AndroidManifest.xml:25:9-35
45        android:appComponentFactory="androidx.core.app.CoreComponentFactory"
45-->[androidx.core:core:1.1.0] AndroidManifest.xml:24:18-86
46        android:debuggable="true"
47        android:icon="@mipmap/ic_launcher"
47-->src\main\AndroidManifest.xml:26:9-43
48        android:label="Valiant"
48-->src\main\AndroidManifest.xml:27:9-32
49        android:roundIcon="@mipmap/ic_launcher_round"
49-->src\main\AndroidManifest.xml:28:9-54
50        android:supportsRtl="true"
50-->src\main\AndroidManifest.xml:29:9-35
51        android:testOnly="true"
52        android:theme="@style/AppTheme" >
52-->src\main\AndroidManifest.xml:30:9-40
53        <activity android:name="com.example.MyApp.MapActivity" />
53-->src\main\AndroidManifest.xml:32:9-49
53-->src\main\AndroidManifest.xml:32:19-46
54        <activity android:name="com.example.MyApp.ProfileActivity" />
54-->src\main\AndroidManifest.xml:33:9-53
54-->src\main\AndroidManifest.xml:33:19-50
55
56        <uses-library
56-->src\main\AndroidManifest.xml:35:9-37:40
57            android:name="org.apache.http.legacy"
57-->src\main\AndroidManifest.xml:36:13-50
58            android:required="false" />
58-->src\main\AndroidManifest.xml:37:13-37
59        <!--
60             The API key for Google Maps-based APIs is defined as a string resource.
61             (See the file "res/values/google_maps_api.xml").
62             Note that the API key is linked to the encryption key used to sign the APK.
63             You need a different API key for each encryption key, including the release key that is used to
64             sign the APK for publishing.
65             You can define the keys for the debug and release targets in src/debug/ and src/release/.
66        -->
67        <meta-data
67-->src\main\AndroidManifest.xml:46:9-48:71
68            android:name="com.google.android.geo.API_KEY"
68-->src\main\AndroidManifest.xml:47:13-58
69            android:value="AIzaSyDX0E0CmLQuHRhxahNXc5wT8kh0EI0f1b8" />
69-->src\main\AndroidManifest.xml:48:13-68
70
71        <activity
71-->src\main\AndroidManifest.xml:50:9-52:75
72            android:name="com.example.MyApp.Signup_Form"
72-->src\main\AndroidManifest.xml:51:13-40
73            android:theme="@style/Theme.AppCompat.DayNight.NoActionBar" />
73-->src\main\AndroidManifest.xml:52:13-72
74        <activity android:name="com.example.MyApp.SplashScreen" >
74-->src\main\AndroidManifest.xml:53:9-59:20
74-->src\main\AndroidManifest.xml:53:19-47
75            <intent-filter>
75-->src\main\AndroidManifest.xml:54:13-58:29
76                <action android:name="android.intent.action.MAIN" />
76-->src\main\AndroidManifest.xml:55:17-69
76-->src\main\AndroidManifest.xml:55:25-66
77
78                <category android:name="android.intent.category.LAUNCHER" />
78-->src\main\AndroidManifest.xml:57:17-77
78-->src\main\AndroidManifest.xml:57:27-74
79            </intent-filter>
80        </activity>
81        <activity android:name="com.example.MyApp.Login_Form" />
81-->src\main\AndroidManifest.xml:60:9-48
81-->src\main\AndroidManifest.xml:60:19-45
82        <activity android:name="com.example.MyApp.MainActivity" />
82-->src\main\AndroidManifest.xml:61:9-50
82-->src\main\AndroidManifest.xml:61:19-47
83        <activity android:name="com.example.MyApp.ServiceActivity" />
83-->src\main\AndroidManifest.xml:62:9-53
83-->src\main\AndroidManifest.xml:62:19-50
84
85        <service android:name="com.example.MyApp.ShakeService" />
85-->src\main\AndroidManifest.xml:63:9-49
85-->src\main\AndroidManifest.xml:63:18-46
86
87        <receiver android:name="com.google.android.gms.cast.framework.media.MediaIntentReceiver" />
87-->[com.google.android.gms:play-services-cast-framework:12.0.1] AndroidManifest.xml:8:9-100
87-->[com.google.android.gms:play-services-cast-framework:12.0.1] AndroidManifest.xml:8:19-97
88
89        <service android:name="com.google.android.gms.cast.framework.media.MediaNotificationService" />
89-->[com.google.android.gms:play-services-cast-framework:12.0.1] AndroidManifest.xml:10:9-104
89-->[com.google.android.gms:play-services-cast-framework:12.0.1] AndroidManifest.xml:10:18-101
90        <service android:name="com.google.android.gms.cast.framework.ReconnectionService" />
90-->[com.google.android.gms:play-services-cast-framework:12.0.1] AndroidManifest.xml:11:9-93
90-->[com.google.android.gms:play-services-cast-framework:12.0.1] AndroidManifest.xml:11:18-90
91
92        <activity
92-->[com.google.firebase:firebase-auth:12.0.1] AndroidManifest.xml:23:9-29:75
93            android:name="com.google.firebase.auth.internal.FederatedSignInActivity"
93-->[com.google.firebase:firebase-auth:12.0.1] AndroidManifest.xml:24:13-85
94            android:excludeFromRecents="true"
94-->[com.google.firebase:firebase-auth:12.0.1] AndroidManifest.xml:25:13-46
95            android:exported="true"
95-->[com.google.firebase:firebase-auth:12.0.1] AndroidManifest.xml:26:13-36
96            android:launchMode="singleInstance"
96-->[com.google.firebase:firebase-auth:12.0.1] AndroidManifest.xml:27:13-48
97            android:permission="com.google.firebase.auth.api.gms.permission.LAUNCH_FEDERATED_SIGN_IN"
97-->[com.google.firebase:firebase-auth:12.0.1] AndroidManifest.xml:28:13-102
98            android:theme="@android:style/Theme.Translucent.NoTitleBar" />
98-->[com.google.firebase:firebase-auth:12.0.1] AndroidManifest.xml:29:13-72
99        <activity
99-->[com.google.android.gms:play-services-auth:12.0.1] AndroidManifest.xml:23:9-27:75
100            android:name="com.google.android.gms.auth.api.signin.internal.SignInHubActivity"
100-->[com.google.android.gms:play-services-auth:12.0.1] AndroidManifest.xml:24:13-93
101            android:excludeFromRecents="true"
101-->[com.google.android.gms:play-services-auth:12.0.1] AndroidManifest.xml:25:13-46
102            android:exported="false"
102-->[com.google.android.gms:play-services-auth:12.0.1] AndroidManifest.xml:26:13-37
103            android:theme="@android:style/Theme.Translucent.NoTitleBar" />
103-->[com.google.android.gms:play-services-auth:12.0.1] AndroidManifest.xml:27:13-72
104        <!--
105            Service handling Google Sign-In user revocation. For apps that do not integrate with
106            Google Sign-In, this service will never be started.
107        -->
108        <service
108-->[com.google.android.gms:play-services-auth:12.0.1] AndroidManifest.xml:33:9-36:110
109            android:name="com.google.android.gms.auth.api.signin.RevocationBoundService"
109-->[com.google.android.gms:play-services-auth:12.0.1] AndroidManifest.xml:34:13-89
110            android:exported="true"
110-->[com.google.android.gms:play-services-auth:12.0.1] AndroidManifest.xml:35:13-36
111            android:permission="com.google.android.gms.auth.api.signin.permission.REVOCATION_NOTIFICATION" />
111-->[com.google.android.gms:play-services-auth:12.0.1] AndroidManifest.xml:36:13-107
112
113        <activity
113-->[com.google.android.gms:play-services-appinvite:12.0.1] AndroidManifest.xml:25:9-34:20
114            android:name="com.google.android.gms.appinvite.PreviewActivity"
114-->[com.google.android.gms:play-services-appinvite:12.0.1] AndroidManifest.xml:26:13-76
115            android:exported="true"
115-->[com.google.android.gms:play-services-appinvite:12.0.1] AndroidManifest.xml:27:13-36
116            android:theme="@style/Theme.AppInvite.Preview" >
116-->[com.google.android.gms:play-services-appinvite:12.0.1] AndroidManifest.xml:28:13-59
117            <intent-filter>
117-->[com.google.android.gms:play-services-appinvite:12.0.1] AndroidManifest.xml:29:13-33:29
118                <action android:name="com.google.android.gms.appinvite.ACTION_PREVIEW" />
118-->[com.google.android.gms:play-services-appinvite:12.0.1] AndroidManifest.xml:30:17-90
118-->[com.google.android.gms:play-services-appinvite:12.0.1] AndroidManifest.xml:30:25-87
119
120                <category android:name="android.intent.category.DEFAULT" />
120-->[com.google.android.gms:play-services-appinvite:12.0.1] AndroidManifest.xml:32:17-76
120-->[com.google.android.gms:play-services-appinvite:12.0.1] AndroidManifest.xml:32:27-73
121            </intent-filter>
122        </activity>
123        <!--
124             FirebaseMessagingService performs security checks at runtime,
125             no need for explicit permissions despite exported="true"
126        -->
127        <service
127-->[com.google.firebase:firebase-messaging:12.0.1] AndroidManifest.xml:28:9-34:19
128            android:name="com.google.firebase.messaging.FirebaseMessagingService"
128-->[com.google.firebase:firebase-messaging:12.0.1] AndroidManifest.xml:29:13-82
129            android:exported="true" >
129-->[com.google.firebase:firebase-messaging:12.0.1] AndroidManifest.xml:30:13-36
130            <intent-filter android:priority="-500" >
130-->[com.google.firebase:firebase-messaging:12.0.1] AndroidManifest.xml:31:13-33:29
130-->[com.google.firebase:firebase-messaging:12.0.1] AndroidManifest.xml:31:28-51
131                <action android:name="com.google.firebase.MESSAGING_EVENT" />
131-->[com.google.firebase:firebase-messaging:12.0.1] AndroidManifest.xml:32:17-78
131-->[com.google.firebase:firebase-messaging:12.0.1] AndroidManifest.xml:32:25-75
132            </intent-filter>
133        </service>
134        <service
134-->[com.google.android.gms:play-services-tagmanager-api:12.0.1] AndroidManifest.xml:27:9-30:40
135            android:name="com.google.android.gms.tagmanager.TagManagerService"
135-->[com.google.android.gms:play-services-tagmanager-api:12.0.1] AndroidManifest.xml:28:13-79
136            android:enabled="true"
136-->[com.google.android.gms:play-services-tagmanager-api:12.0.1] AndroidManifest.xml:29:13-35
137            android:exported="false" />
137-->[com.google.android.gms:play-services-tagmanager-api:12.0.1] AndroidManifest.xml:30:13-37
138
139        <activity
139-->[com.google.android.gms:play-services-tagmanager-api:12.0.1] AndroidManifest.xml:32:9-44:20
140            android:name="com.google.android.gms.tagmanager.TagManagerPreviewActivity"
140-->[com.google.android.gms:play-services-tagmanager-api:12.0.1] AndroidManifest.xml:33:13-87
141            android:exported="true"
141-->[com.google.android.gms:play-services-tagmanager-api:12.0.1] AndroidManifest.xml:34:13-36
142            android:noHistory="true" > <!-- optional, removes the previewActivity from the activity stack. -->
142-->[com.google.android.gms:play-services-tagmanager-api:12.0.1] AndroidManifest.xml:35:13-37
143            <intent-filter>
143-->[com.google.android.gms:play-services-tagmanager-api:12.0.1] AndroidManifest.xml:36:13-43:29
144                <data android:scheme="tagmanager.c.com.example.MyApp" />
144-->[com.google.android.gms:play-services-tagmanager-api:12.0.1] AndroidManifest.xml:37:17-72
144-->[com.google.android.gms:play-services-tagmanager-api:12.0.1] AndroidManifest.xml:37:23-69
145
146                <action android:name="android.intent.action.VIEW" />
146-->[com.google.android.gms:play-services-tagmanager-api:12.0.1] AndroidManifest.xml:39:17-69
146-->[com.google.android.gms:play-services-tagmanager-api:12.0.1] AndroidManifest.xml:39:25-66
147
148                <category android:name="android.intent.category.DEFAULT" />
148-->[com.google.android.gms:play-services-appinvite:12.0.1] AndroidManifest.xml:32:17-76
148-->[com.google.android.gms:play-services-appinvite:12.0.1] AndroidManifest.xml:32:27-73
149                <category android:name="android.intent.category.BROWSABLE" />
149-->[com.google.android.gms:play-services-tagmanager-api:12.0.1] AndroidManifest.xml:42:17-78
149-->[com.google.android.gms:play-services-tagmanager-api:12.0.1] AndroidManifest.xml:42:27-75
150            </intent-filter>
151        </activity>
152
153        <receiver
153-->[com.google.firebase:firebase-analytics:12.0.1] AndroidManifest.xml:28:9-32:20
154            android:name="com.google.android.gms.measurement.AppMeasurementReceiver"
154-->[com.google.firebase:firebase-analytics:12.0.1] AndroidManifest.xml:29:13-85
155            android:enabled="true"
155-->[com.google.firebase:firebase-analytics:12.0.1] AndroidManifest.xml:30:13-35
156            android:exported="false" >
156-->[com.google.firebase:firebase-analytics:12.0.1] AndroidManifest.xml:31:13-37
157        </receiver>
158        <receiver
158-->[com.google.firebase:firebase-analytics:12.0.1] AndroidManifest.xml:33:9-41:20
159            android:name="com.google.android.gms.measurement.AppMeasurementInstallReferrerReceiver"
159-->[com.google.firebase:firebase-analytics:12.0.1] AndroidManifest.xml:34:13-100
160            android:enabled="true"
160-->[com.google.firebase:firebase-analytics:12.0.1] AndroidManifest.xml:35:13-35
161            android:exported="true"
161-->[com.google.firebase:firebase-analytics:12.0.1] AndroidManifest.xml:36:13-36
162            android:permission="android.permission.INSTALL_PACKAGES" >
162-->[com.google.firebase:firebase-analytics:12.0.1] AndroidManifest.xml:37:13-69
163            <intent-filter>
163-->[com.google.firebase:firebase-analytics:12.0.1] AndroidManifest.xml:38:13-40:29
164                <action android:name="com.android.vending.INSTALL_REFERRER" />
164-->[com.google.firebase:firebase-analytics:12.0.1] AndroidManifest.xml:39:17-79
164-->[com.google.firebase:firebase-analytics:12.0.1] AndroidManifest.xml:39:25-76
165            </intent-filter>
166        </receiver>
167
168        <service
168-->[com.google.firebase:firebase-analytics:12.0.1] AndroidManifest.xml:43:9-46:40
169            android:name="com.google.android.gms.measurement.AppMeasurementService"
169-->[com.google.firebase:firebase-analytics:12.0.1] AndroidManifest.xml:44:13-84
170            android:enabled="true"
170-->[com.google.firebase:firebase-analytics:12.0.1] AndroidManifest.xml:45:13-35
171            android:exported="false" />
171-->[com.google.firebase:firebase-analytics:12.0.1] AndroidManifest.xml:46:13-37
172        <service
172-->[com.google.firebase:firebase-analytics:12.0.1] AndroidManifest.xml:47:9-51:72
173            android:name="com.google.android.gms.measurement.AppMeasurementJobService"
173-->[com.google.firebase:firebase-analytics:12.0.1] AndroidManifest.xml:48:13-87
174            android:enabled="true"
174-->[com.google.firebase:firebase-analytics:12.0.1] AndroidManifest.xml:49:13-35
175            android:exported="false"
175-->[com.google.firebase:firebase-analytics:12.0.1] AndroidManifest.xml:50:13-37
176            android:permission="android.permission.BIND_JOB_SERVICE" />
176-->[com.google.firebase:firebase-analytics:12.0.1] AndroidManifest.xml:51:13-69
177
178        <receiver
178-->[com.google.firebase:firebase-iid:12.0.1] AndroidManifest.xml:35:9-44:20
179            android:name="com.google.firebase.iid.FirebaseInstanceIdReceiver"
179-->[com.google.firebase:firebase-iid:12.0.1] AndroidManifest.xml:36:13-78
180            android:exported="true"
180-->[com.google.firebase:firebase-iid:12.0.1] AndroidManifest.xml:37:13-36
181            android:permission="com.google.android.c2dm.permission.SEND" >
181-->[com.google.firebase:firebase-iid:12.0.1] AndroidManifest.xml:38:13-73
182            <intent-filter>
182-->[com.google.firebase:firebase-iid:12.0.1] AndroidManifest.xml:39:13-43:29
183                <action android:name="com.google.android.c2dm.intent.RECEIVE" />
183-->[com.google.firebase:firebase-iid:12.0.1] AndroidManifest.xml:40:17-81
183-->[com.google.firebase:firebase-iid:12.0.1] AndroidManifest.xml:40:25-78
184
185                <category android:name="com.example.MyApp" />
185-->[com.google.firebase:firebase-iid:12.0.1] AndroidManifest.xml:42:17-61
185-->[com.google.firebase:firebase-iid:12.0.1] AndroidManifest.xml:42:27-58
186            </intent-filter>
187        </receiver>
188        <!--
189             FirebaseInstanceIdService performs security checks at runtime,
190             no need for explicit permissions despite exported="true"
191        -->
192        <service
192-->[com.google.firebase:firebase-iid:12.0.1] AndroidManifest.xml:50:9-56:19
193            android:name="com.google.firebase.iid.FirebaseInstanceIdService"
193-->[com.google.firebase:firebase-iid:12.0.1] AndroidManifest.xml:51:13-77
194            android:exported="true" >
194-->[com.google.firebase:firebase-iid:12.0.1] AndroidManifest.xml:52:13-36
195            <intent-filter android:priority="-500" >
195-->[com.google.firebase:firebase-iid:12.0.1] AndroidManifest.xml:53:13-55:29
195-->[com.google.firebase:firebase-iid:12.0.1] AndroidManifest.xml:53:28-51
196                <action android:name="com.google.firebase.INSTANCE_ID_EVENT" />
196-->[com.google.firebase:firebase-iid:12.0.1] AndroidManifest.xml:54:17-80
196-->[com.google.firebase:firebase-iid:12.0.1] AndroidManifest.xml:54:25-77
197            </intent-filter>
198        </service>
199
200        <provider
200-->[com.google.firebase:firebase-common:12.0.1] AndroidManifest.xml:8:9-12:39
201            android:name="com.google.firebase.provider.FirebaseInitProvider"
201-->[com.google.firebase:firebase-common:12.0.1] AndroidManifest.xml:9:13-77
202            android:authorities="com.example.MyApp.firebaseinitprovider"
202-->[com.google.firebase:firebase-common:12.0.1] AndroidManifest.xml:10:13-72
203            android:exported="false"
203-->[com.google.firebase:firebase-common:12.0.1] AndroidManifest.xml:11:13-37
204            android:initOrder="100" />
204-->[com.google.firebase:firebase-common:12.0.1] AndroidManifest.xml:12:13-36
205
206        <receiver
206-->[com.google.android.gms:play-services-analytics:12.0.1] AndroidManifest.xml:30:9-34:20
207            android:name="com.google.android.gms.analytics.AnalyticsReceiver"
207-->[com.google.android.gms:play-services-analytics:12.0.1] AndroidManifest.xml:31:13-78
208            android:enabled="true"
208-->[com.google.android.gms:play-services-analytics:12.0.1] AndroidManifest.xml:32:13-35
209            android:exported="false" >
209-->[com.google.android.gms:play-services-analytics:12.0.1] AndroidManifest.xml:33:13-37
210        </receiver>
211
212        <service
212-->[com.google.android.gms:play-services-analytics:12.0.1] AndroidManifest.xml:36:9-39:40
213            android:name="com.google.android.gms.analytics.AnalyticsService"
213-->[com.google.android.gms:play-services-analytics:12.0.1] AndroidManifest.xml:37:13-77
214            android:enabled="true"
214-->[com.google.android.gms:play-services-analytics:12.0.1] AndroidManifest.xml:38:13-35
215            android:exported="false" />
215-->[com.google.android.gms:play-services-analytics:12.0.1] AndroidManifest.xml:39:13-37
216        <service
216-->[com.google.android.gms:play-services-analytics:12.0.1] AndroidManifest.xml:40:9-44:72
217            android:name="com.google.android.gms.analytics.AnalyticsJobService"
217-->[com.google.android.gms:play-services-analytics:12.0.1] AndroidManifest.xml:41:13-80
218            android:enabled="true"
218-->[com.google.android.gms:play-services-analytics:12.0.1] AndroidManifest.xml:42:13-35
219            android:exported="false"
219-->[com.google.android.gms:play-services-analytics:12.0.1] AndroidManifest.xml:43:13-37
220            android:permission="android.permission.BIND_JOB_SERVICE" />
220-->[com.google.android.gms:play-services-analytics:12.0.1] AndroidManifest.xml:44:13-69
221
222        <activity
222-->[com.google.android.gms:play-services-base:12.0.1] AndroidManifest.xml:23:9-26:75
223            android:name="com.google.android.gms.common.api.GoogleApiActivity"
223-->[com.google.android.gms:play-services-base:12.0.1] AndroidManifest.xml:24:13-79
224            android:exported="false"
224-->[com.google.android.gms:play-services-base:12.0.1] AndroidManifest.xml:25:13-37
225            android:theme="@android:style/Theme.Translucent.NoTitleBar" /> <!-- Include the AdActivity and InAppPurchaseActivity configChanges and themes. -->
225-->[com.google.android.gms:play-services-base:12.0.1] AndroidManifest.xml:26:13-72
226        <activity
226-->[com.google.android.gms:play-services-ads-lite:12.0.1] AndroidManifest.xml:29:9-33:64
227            android:name="com.google.android.gms.ads.AdActivity"
227-->[com.google.android.gms:play-services-ads-lite:12.0.1] AndroidManifest.xml:30:13-65
228            android:configChanges="keyboard|keyboardHidden|orientation|screenLayout|uiMode|screenSize|smallestScreenSize"
228-->[com.google.android.gms:play-services-ads-lite:12.0.1] AndroidManifest.xml:31:13-122
229            android:exported="false"
229-->[com.google.android.gms:play-services-ads-lite:12.0.1] AndroidManifest.xml:32:13-37
230            android:theme="@android:style/Theme.Translucent" />
230-->[com.google.android.gms:play-services-ads-lite:12.0.1] AndroidManifest.xml:33:13-61
231
232        <meta-data
232-->[com.google.android.gms:play-services-basement:12.0.1] AndroidManifest.xml:23:9-25:69
233            android:name="com.google.android.gms.version"
233-->[com.google.android.gms:play-services-basement:12.0.1] AndroidManifest.xml:24:13-58
234            android:value="@integer/google_play_services_version" />
234-->[com.google.android.gms:play-services-basement:12.0.1] AndroidManifest.xml:25:13-66
235    </application>
236
237</manifest>